<?xml version="1.0" encoding="UTF-8"?>
<!-- Generated by org.testng.reporters.JUnitReportReporter -->
<testsuite skipped="0" hostname="USERPC" name="com.ranford.functionalities.TestExecution" tests="4" failures="0" timestamp="02 Sep 2018 10:08:33 GMT" time="47.375" errors="0">
  <testcase name="verify_launch" time="17.120" classname="com.ranford.functionalities.TestExecution"/>
  <testcase name="verify_login" time="6.365" classname="com.ranford.functionalities.TestExecution"/>
  <testcase name="createNewBranch" time="20.038" classname="com.ranford.functionalities.TestExecution"/>
  <testcase name="verify_logout" time="3.852" classname="com.ranford.functionalities.TestExecution"/>
</testsuite> <!-- com.ranford.functionalities.TestExecution -->
